<?xml version="1.0" encoding="UTF-8"?>
<!-- Generated by org.testng.reporters.JUnitReportReporter -->
<testsuite hostname="DESKTOP-1UR8HFJ" failures="0" tests="4" name="api.test.UserTestCases" time="8.991" errors="0" timestamp="2024-10-26T21:36:35 IST" skipped="0">
  <testcase classname="api.test.UserTestCases" name="testPostUser" time="3.943"/>
  <system-out/>
  <testcase classname="api.test.UserTestCases" name="testGetUserbyname" time="1.365"/>
  <system-out/>
  <testcase classname="api.test.UserTestCases" name="testUpdateUserbyname" time="2.378"/>
  <system-out/>
  <testcase classname="api.test.UserTestCases" name="testDeleteUserbyname" time="1.305"/>
  <system-out/>
</testsuite> <!-- api.test.UserTestCases -->
