<?xml version="1.0" encoding="UTF-8"?>
<!-- Generated by org.testng.reporters.JUnitReportReporter -->
<testsuite hostname="DESKTOP-1UR8HFJ" failures="0" tests="24" name="api.test.StoreDataDrivenTest" time="39.134" errors="0" timestamp="2024-10-26T22:26:27 IST" skipped="0">
  <testcase classname="api.test.StoreDataDrivenTest" name="createStoreTest" time="1.335"/>
  <system-out/>
  <testcase classname="api.test.StoreDataDrivenTest" name="createStoreTest" time="2.369"/>
  <system-out/>
  <testcase classname="api.test.StoreDataDrivenTest" name="createStoreTest" time="4.022"/>
  <system-out/>
  <testcase classname="api.test.StoreDataDrivenTest" name="createStoreTest" time="1.308"/>
  <system-out/>
  <testcase classname="api.test.StoreDataDrivenTest" name="createStoreTest" time="1.305"/>
  <system-out/>
  <testcase classname="api.test.StoreDataDrivenTest" name="createStoreTest" time="1.269"/>
  <system-out/>
  <testcase classname="api.test.StoreDataDrivenTest" name="createStoreTest" time="1.294"/>
  <system-out/>
  <testcase classname="api.test.StoreDataDrivenTest" name="createStoreTest" time="1.327"/>
  <system-out/>
  <testcase classname="api.test.StoreDataDrivenTest" name="getStoreTest" time="1.446"/>
  <system-out/>
  <testcase classname="api.test.StoreDataDrivenTest" name="getStoreTest" time="1.278"/>
  <system-out/>
  <testcase classname="api.test.StoreDataDrivenTest" name="getStoreTest" time="1.287"/>
  <system-out/>
  <testcase classname="api.test.StoreDataDrivenTest" name="getStoreTest" time="4.808"/>
  <system-out/>
  <testcase classname="api.test.StoreDataDrivenTest" name="getStoreTest" time="1.271"/>
  <system-out/>
  <testcase classname="api.test.StoreDataDrivenTest" name="getStoreTest" time="1.627"/>
  <system-out/>
  <testcase classname="api.test.StoreDataDrivenTest" name="getStoreTest" time="1.326"/>
  <system-out/>
  <testcase classname="api.test.StoreDataDrivenTest" name="getStoreTest" time="1.266"/>
  <system-out/>
  <testcase classname="api.test.StoreDataDrivenTest" name="deleteStoreTest" time="1.281"/>
  <system-out/>
  <testcase classname="api.test.StoreDataDrivenTest" name="deleteStoreTest" time="1.277"/>
  <system-out/>
  <testcase classname="api.test.StoreDataDrivenTest" name="deleteStoreTest" time="1.278"/>
  <system-out/>
  <testcase classname="api.test.StoreDataDrivenTest" name="deleteStoreTest" time="1.276"/>
  <system-out/>
  <testcase classname="api.test.StoreDataDrivenTest" name="deleteStoreTest" time="1.508"/>
  <system-out/>
  <testcase classname="api.test.StoreDataDrivenTest" name="deleteStoreTest" time="1.278"/>
  <system-out/>
  <testcase classname="api.test.StoreDataDrivenTest" name="deleteStoreTest" time="1.382"/>
  <system-out/>
  <testcase classname="api.test.StoreDataDrivenTest" name="deleteStoreTest" time="1.316"/>
  <system-out/>
</testsuite> <!-- api.test.StoreDataDrivenTest -->
