<?xml version="1.0" encoding="UTF-8"?>
<!-- Generated by org.testng.reporters.JUnitReportReporter -->
<testsuite hostname="DESKTOP-1UR8HFJ" failures="0" tests="8" name="api.test.DDTests" time="15.351" errors="0" timestamp="2024-10-26T22:16:22 IST" skipped="0">
  <testcase classname="api.test.DDTests" name="testPostUser" time="1.285"/>
  <system-out/>
  <testcase classname="api.test.DDTests" name="testPostUser" time="3.781"/>
  <system-out/>
  <testcase classname="api.test.DDTests" name="testPostUser" time="1.321"/>
  <system-out/>
  <testcase classname="api.test.DDTests" name="testPostUser" time="1.291"/>
  <system-out/>
  <testcase classname="api.test.DDTests" name="testPostUser" time="2.447"/>
  <system-out/>
  <testcase classname="api.test.DDTests" name="testPostUser" time="1.619"/>
  <system-out/>
  <testcase classname="api.test.DDTests" name="testPostUser" time="1.542"/>
  <system-out/>
  <testcase classname="api.test.DDTests" name="testPostUser" time="2.065"/>
  <system-out/>
</testsuite> <!-- api.test.DDTests -->
