<?xml version="1.0" encoding="UTF-8"?>
<!-- Generated by org.testng.reporters.JUnitReportReporter -->
<testsuite hostname="DESKTOP-1UR8HFJ" failures="0" tests="4" name="api.test.UserTestCases" time="9.790" errors="0" timestamp="2024-10-26T13:19:42 IST" skipped="0">
  <testcase classname="api.test.UserTestCases" name="testPostUser" time="4.721"/>
  <system-out/>
  <testcase classname="api.test.UserTestCases" name="testGetUserbyname" time="1.746"/>
  <system-out/>
  <testcase classname="api.test.UserTestCases" name="testUpdateUserbyname" time="1.608"/>
  <system-out/>
  <testcase classname="api.test.UserTestCases" name="testDeleteUserbyname" time="1.715"/>
  <system-out/>
</testsuite> <!-- api.test.UserTestCases -->
