<?xml version="1.0" encoding="UTF-8"?>
<!-- Generated by org.testng.reporters.JUnitReportReporter -->
<testsuite hostname="DESKTOP-1UR8HFJ" failures="0" tests="3" name="api.test.StoreTestCases" time="6.767" errors="0" timestamp="2024-10-26T21:40:31 IST" skipped="0">
  <testcase classname="api.test.StoreTestCases" name="createStoreTest" time="4.096"/>
  <system-out/>
  <testcase classname="api.test.StoreTestCases" name="getStoreTest" time="1.372"/>
  <system-out/>
  <testcase classname="api.test.StoreTestCases" name="deleteStoreTest" time="1.299"/>
  <system-out/>
</testsuite> <!-- api.test.StoreTestCases -->
