<?xml version="1.0" encoding="UTF-8"?>
<!-- Generated by org.testng.reporters.JUnitReportReporter -->
<testsuite hostname="DESKTOP-1UR8HFJ" failures="0" tests="8" name="api.test.DDTests" time="13.486" errors="0" timestamp="2024-10-26T12:44:45 IST" skipped="0">
  <testcase classname="api.test.DDTests" name="testPostUser" time="1.377"/>
  <system-out/>
  <testcase classname="api.test.DDTests" name="testPostUser" time="1.385"/>
  <system-out/>
  <testcase classname="api.test.DDTests" name="testPostUser" time="3.763"/>
  <system-out/>
  <testcase classname="api.test.DDTests" name="testPostUser" time="1.382"/>
  <system-out/>
  <testcase classname="api.test.DDTests" name="testPostUser" time="1.373"/>
  <system-out/>
  <testcase classname="api.test.DDTests" name="testPostUser" time="1.378"/>
  <system-out/>
  <testcase classname="api.test.DDTests" name="testPostUser" time="1.415"/>
  <system-out/>
  <testcase classname="api.test.DDTests" name="testPostUser" time="1.413"/>
  <system-out/>
</testsuite> <!-- api.test.DDTests -->
