<?xml version="1.0" encoding="UTF-8"?>
<!-- Generated by org.testng.reporters.JUnitReportReporter -->
<testsuite hostname="DESKTOP-1UR8HFJ" failures="0" tests="24" name="api.test.StoreDataDrivenTest" time="34.203" errors="0" timestamp="2024-10-26T22:29:16 IST" skipped="0">
  <testcase classname="api.test.StoreDataDrivenTest" name="createStoreTest" time="1.265"/>
  <system-out/>
  <testcase classname="api.test.StoreDataDrivenTest" name="createStoreTest" time="1.326"/>
  <system-out/>
  <testcase classname="api.test.StoreDataDrivenTest" name="createStoreTest" time="1.320"/>
  <system-out/>
  <testcase classname="api.test.StoreDataDrivenTest" name="createStoreTest" time="3.697"/>
  <system-out/>
  <testcase classname="api.test.StoreDataDrivenTest" name="createStoreTest" time="1.263"/>
  <system-out/>
  <testcase classname="api.test.StoreDataDrivenTest" name="createStoreTest" time="1.297"/>
  <system-out/>
  <testcase classname="api.test.StoreDataDrivenTest" name="createStoreTest" time="1.285"/>
  <system-out/>
  <testcase classname="api.test.StoreDataDrivenTest" name="createStoreTest" time="2.046"/>
  <system-out/>
  <testcase classname="api.test.StoreDataDrivenTest" name="getStoreTest" time="1.279"/>
  <system-out/>
  <testcase classname="api.test.StoreDataDrivenTest" name="getStoreTest" time="1.247"/>
  <system-out/>
  <testcase classname="api.test.StoreDataDrivenTest" name="getStoreTest" time="1.310"/>
  <system-out/>
  <testcase classname="api.test.StoreDataDrivenTest" name="getStoreTest" time="1.298"/>
  <system-out/>
  <testcase classname="api.test.StoreDataDrivenTest" name="getStoreTest" time="1.271"/>
  <system-out/>
  <testcase classname="api.test.StoreDataDrivenTest" name="getStoreTest" time="1.356"/>
  <system-out/>
  <testcase classname="api.test.StoreDataDrivenTest" name="getStoreTest" time="1.299"/>
  <system-out/>
  <testcase classname="api.test.StoreDataDrivenTest" name="getStoreTest" time="1.275"/>
  <system-out/>
  <testcase classname="api.test.StoreDataDrivenTest" name="deleteStoreTest" time="1.310"/>
  <system-out/>
  <testcase classname="api.test.StoreDataDrivenTest" name="deleteStoreTest" time="1.270"/>
  <system-out/>
  <testcase classname="api.test.StoreDataDrivenTest" name="deleteStoreTest" time="1.360"/>
  <system-out/>
  <testcase classname="api.test.StoreDataDrivenTest" name="deleteStoreTest" time="1.322"/>
  <system-out/>
  <testcase classname="api.test.StoreDataDrivenTest" name="deleteStoreTest" time="1.284"/>
  <system-out/>
  <testcase classname="api.test.StoreDataDrivenTest" name="deleteStoreTest" time="1.255"/>
  <system-out/>
  <testcase classname="api.test.StoreDataDrivenTest" name="deleteStoreTest" time="1.303"/>
  <system-out/>
  <testcase classname="api.test.StoreDataDrivenTest" name="deleteStoreTest" time="1.265"/>
  <system-out/>
</testsuite> <!-- api.test.StoreDataDrivenTest -->
