<?xml version="1.0" encoding="UTF-8"?>
<!-- Generated by org.testng.reporters.JUnitReportReporter -->
<testsuite hostname="DESKTOP-1UR8HFJ" failures="0" tests="4" name="api.test.UserTestCases2" time="7.648" errors="0" timestamp="2024-10-26T17:21:17 IST" skipped="0">
  <testcase classname="api.test.UserTestCases2" name="testPostUser" time="3.736"/>
  <system-out/>
  <testcase classname="api.test.UserTestCases2" name="testGetUserbyname" time="1.301"/>
  <system-out/>
  <testcase classname="api.test.UserTestCases2" name="testUpdateUserbyname" time="1.286"/>
  <system-out/>
  <testcase classname="api.test.UserTestCases2" name="testDeleteUserbyname" time="1.325"/>
  <system-out/>
</testsuite> <!-- api.test.UserTestCases2 -->
